<?xml version="1.0" encoding="UTF-8"?>
<testng-results ignored="0" total="3" passed="3" failed="0" skipped="0">
  <reporter-output>
  </reporter-output>
  <suite started-at="2025-04-21T22:08:30 EDT" name="Master" finished-at="2025-04-21T22:08:49 EDT" duration-ms="18510">
    <groups>
      <group name="Master">
        <method signature="AccountRegistration.verifyAccount()[pri:0, instance:testcases.AccountRegistration@5c2375a9]" name="verifyAccount" class="testcases.AccountRegistration"/>
        <method signature="LoginTest.login()[pri:0, instance:testcases.LoginTest@558bdf1f]" name="login" class="testcases.LoginTest"/>
        <method signature="SearchProduct.searchProduct()[pri:0, instance:testcases.SearchProduct@27216cd]" name="searchProduct" class="testcases.SearchProduct"/>
      </group> <!-- Master -->
      <group name="regression">
        <method signature="LoginTest.login()[pri:0, instance:testcases.LoginTest@558bdf1f]" name="login" class="testcases.LoginTest"/>
      </group> <!-- regression -->
      <group name="smoke">
        <method signature="AccountRegistration.verifyAccount()[pri:0, instance:testcases.AccountRegistration@5c2375a9]" name="verifyAccount" class="testcases.AccountRegistration"/>
        <method signature="SearchProduct.searchProduct()[pri:0, instance:testcases.SearchProduct@27216cd]" name="searchProduct" class="testcases.SearchProduct"/>
      </group> <!-- smoke -->
    </groups>
    <test started-at="2025-04-21T22:08:30 EDT" name="Test" finished-at="2025-04-21T22:08:49 EDT" duration-ms="18510">
      <class name="testcases.AccountRegistration">
        <test-method is-config="true" signature="setup(java.lang.String,java.lang.String)[pri:0, instance:testcases.AccountRegistration@5c2375a9]" started-at="2025-04-21T22:08:30 EDT" name="setup" finished-at="2025-04-21T22:08:35 EDT" duration-ms="4480" status="PASS">
          <params>
            <param index="0">
              <value>
                <![CDATA[Windows]]>
              </value>
            </param>
            <param index="1">
              <value>
                <![CDATA[chrome]]>
              </value>
            </param>
          </params>
          <reporter-output>
          </reporter-output>
        </test-method> <!-- setup -->
        <test-method signature="verifyAccount()[pri:0, instance:testcases.AccountRegistration@5c2375a9]" started-at="2025-04-21T22:08:35 EDT" name="verifyAccount" finished-at="2025-04-21T22:08:37 EDT" duration-ms="2328" status="PASS">
          <reporter-output>
          </reporter-output>
        </test-method> <!-- verifyAccount -->
        <test-method is-config="true" signature="tearDown()[pri:0, instance:testcases.AccountRegistration@5c2375a9]" started-at="2025-04-21T22:08:37 EDT" name="tearDown" finished-at="2025-04-21T22:08:37 EDT" duration-ms="266" status="PASS">
          <reporter-output>
          </reporter-output>
        </test-method> <!-- tearDown -->
      </class> <!-- testcases.AccountRegistration -->
      <class name="testcases.SearchProduct">
        <test-method is-config="true" signature="setup(java.lang.String,java.lang.String)[pri:0, instance:testcases.SearchProduct@27216cd]" started-at="2025-04-21T22:08:37 EDT" name="setup" finished-at="2025-04-21T22:08:41 EDT" duration-ms="4249" status="PASS">
          <params>
            <param index="0">
              <value>
                <![CDATA[Windows]]>
              </value>
            </param>
            <param index="1">
              <value>
                <![CDATA[chrome]]>
              </value>
            </param>
          </params>
          <reporter-output>
          </reporter-output>
        </test-method> <!-- setup -->
        <test-method signature="searchProduct()[pri:0, instance:testcases.SearchProduct@27216cd]" started-at="2025-04-21T22:08:41 EDT" name="searchProduct" finished-at="2025-04-21T22:08:42 EDT" duration-ms="616" status="PASS">
          <reporter-output>
          </reporter-output>
        </test-method> <!-- searchProduct -->
        <test-method is-config="true" signature="tearDown()[pri:0, instance:testcases.SearchProduct@27216cd]" started-at="2025-04-21T22:08:42 EDT" name="tearDown" finished-at="2025-04-21T22:08:42 EDT" duration-ms="218" status="PASS">
          <reporter-output>
          </reporter-output>
        </test-method> <!-- tearDown -->
      </class> <!-- testcases.SearchProduct -->
      <class name="testcases.LoginTest">
        <test-method is-config="true" signature="setup(java.lang.String,java.lang.String)[pri:0, instance:testcases.LoginTest@558bdf1f]" started-at="2025-04-21T22:08:42 EDT" name="setup" finished-at="2025-04-21T22:08:46 EDT" duration-ms="4041" status="PASS">
          <params>
            <param index="0">
              <value>
                <![CDATA[Windows]]>
              </value>
            </param>
            <param index="1">
              <value>
                <![CDATA[chrome]]>
              </value>
            </param>
          </params>
          <reporter-output>
          </reporter-output>
        </test-method> <!-- setup -->
        <test-method signature="login()[pri:0, instance:testcases.LoginTest@558bdf1f]" started-at="2025-04-21T22:08:46 EDT" name="login" finished-at="2025-04-21T22:08:48 EDT" duration-ms="2045" status="PASS">
          <reporter-output>
          </reporter-output>
        </test-method> <!-- login -->
        <test-method is-config="true" signature="tearDown()[pri:0, instance:testcases.LoginTest@558bdf1f]" started-at="2025-04-21T22:08:48 EDT" name="tearDown" finished-at="2025-04-21T22:08:49 EDT" duration-ms="216" status="PASS">
          <reporter-output>
          </reporter-output>
        </test-method> <!-- tearDown -->
      </class> <!-- testcases.LoginTest -->
    </test> <!-- Test -->
  </suite> <!-- Master -->
</testng-results>
