<?xml version="1.0" encoding="UTF-8"?>
<testng-results ignored="0" total="1" passed="1" failed="0" skipped="0">
  <reporter-output>
  </reporter-output>
  <suite started-at="2025-04-21T21:20:53 EDT" name="Suite" finished-at="2025-04-21T21:21:01 EDT" duration-ms="8093">
    <groups>
      <group name="Master">
        <method signature="AccountRegistration.verifyAccount()[pri:0, instance:testcases.AccountRegistration@63798ca7]" name="verifyAccount" class="testcases.AccountRegistration"/>
      </group> <!-- Master -->
      <group name="smoke">
        <method signature="AccountRegistration.verifyAccount()[pri:0, instance:testcases.AccountRegistration@63798ca7]" name="verifyAccount" class="testcases.AccountRegistration"/>
      </group> <!-- smoke -->
    </groups>
    <test started-at="2025-04-21T21:20:53 EDT" name="Test" finished-at="2025-04-21T21:21:01 EDT" duration-ms="8093">
      <class name="testcases.AccountRegistration">
        <test-method is-config="true" signature="setup(java.lang.String,java.lang.String)[pri:0, instance:testcases.AccountRegistration@63798ca7]" started-at="2025-04-21T21:20:53 EDT" name="setup" finished-at="2025-04-21T21:20:58 EDT" duration-ms="5277" status="PASS">
          <params>
            <param index="0">
              <value>
                <![CDATA[Windows]]>
              </value>
            </param>
            <param index="1">
              <value>
                <![CDATA[chrome]]>
              </value>
            </param>
          </params>
          <reporter-output>
          </reporter-output>
        </test-method> <!-- setup -->
        <test-method signature="verifyAccount()[pri:0, instance:testcases.AccountRegistration@63798ca7]" started-at="2025-04-21T21:20:58 EDT" name="verifyAccount" finished-at="2025-04-21T21:21:01 EDT" duration-ms="2540" status="PASS">
          <reporter-output>
          </reporter-output>
        </test-method> <!-- verifyAccount -->
        <test-method is-config="true" signature="tearDown()[pri:0, instance:testcases.AccountRegistration@63798ca7]" started-at="2025-04-21T21:21:01 EDT" name="tearDown" finished-at="2025-04-21T21:21:01 EDT" duration-ms="239" status="PASS">
          <reporter-output>
          </reporter-output>
        </test-method> <!-- tearDown -->
      </class> <!-- testcases.AccountRegistration -->
    </test> <!-- Test -->
  </suite> <!-- Suite -->
</testng-results>
