<?xml version="1.0" encoding="UTF-8"?>
<!-- Generated by org.testng.reporters.JUnitXMLReporter -->
<testsuite ignored="0" hostname="KhandakerElahi" failures="0" tests="3" name="Test" time="18.51" errors="0" timestamp="2025-04-21T22:08:49 EDT">
  <testcase classname="testcases.AccountRegistration" name="verifyAccount" time="2.328"/>
  <testcase classname="testcases.SearchProduct" name="searchProduct" time="0.616"/>
  <testcase classname="testcases.LoginTest" name="login" time="2.045"/>
</testsuite> <!-- Test -->
